# JRE version: OpenJDK Runtime Environment (8.0_131-b11) (build 1.8.0_131-8u131-b11-2ubuntu1.16.04.3-b11)
# Java VM: OpenJDK 64-Bit Server VM (25.131-b11 mixed mode linux-amd64 compressed oops)
Heap:
 PSYoungGen      total 481280K, used 49366K [0x00000000d6800000, 0x00000000f8000000, 0x0000000100000000)
  eden space 423936K, 0% used [0x00000000d6800000,0x00000000d6800000,0x00000000f0600000)
  from space 57344K, 86% used [0x00000000f0600000,0x00000000f3635bb0,0x00000000f3e00000)
  to   space 51712K, 0% used [0x00000000f3e00000,0x00000000f3e00000,0x00000000f7080000)
 ParOldGen       total 159744K, used 60735K [0x0000000083800000, 0x000000008d400000, 0x00000000d6800000)
  object space 159744K, 38% used [0x0000000083800000,0x000000008734fd78,0x000000008d400000)
 Metaspace       used 72322K, capacity 73236K, committed 73688K, reserved 1114112K
  class space    used 8874K, capacity 9203K, committed 9216K, reserved 1048576K
GC Heap History (10 events):
Event: 66.222 GC heap after
Heap after GC invocations=13 (full 2):
 PSYoungGen      total 301568K, used 33781K [0x00000000d6800000, 0x00000000f0780000, 0x0000000100000000)
  eden space 267776K, 0% used [0x00000000d6800000,0x00000000d6800000,0x00000000e6d80000)
  from space 33792K, 99% used [0x00000000e6d80000,0x00000000e8e7d640,0x00000000e8e80000)
  to   space 39936K, 0% used [0x00000000ee080000,0x00000000ee080000,0x00000000f0780000)
 ParOldGen       total 118272K, used 37531K [0x0000000083800000, 0x000000008ab80000, 0x00000000d6800000)
  object space 118272K, 31% used [0x0000000083800000,0x0000000085ca6f88,0x000000008ab80000)
 Metaspace       used 47858K, capacity 48540K, committed 48984K, reserved 1091584K
  class space    used 5699K, capacity 5954K, committed 6016K, reserved 1048576K
}
Event: 67.601 GC heap before
{Heap before GC invocations=14 (full 2):
 PSYoungGen      total 301568K, used 301557K [0x00000000d6800000, 0x00000000f0780000, 0x0000000100000000)
  eden space 267776K, 100% used [0x00000000d6800000,0x00000000e6d80000,0x00000000e6d80000)
  from space 33792K, 99% used [0x00000000e6d80000,0x00000000e8e7d640,0x00000000e8e80000)
  to   space 39936K, 0% used [0x00000000ee080000,0x00000000ee080000,0x00000000f0780000)
 ParOldGen       total 118272K, used 37531K [0x0000000083800000, 0x000000008ab80000, 0x00000000d6800000)
  object space 118272K, 31% used [0x0000000083800000,0x0000000085ca6f88,0x000000008ab80000)
 Metaspace       used 47923K, capacity 48618K, committed 48984K, reserved 1091584K
  class space    used 5702K, capacity 5956K, committed 6016K, reserved 1048576K
Event: 67.650 GC heap after
Heap after GC invocations=14 (full 2):
 PSYoungGen      total 373248K, used 39934K [0x00000000d6800000, 0x00000000f2300000, 0x0000000100000000)
  eden space 333312K, 0% used [0x00000000d6800000,0x00000000d6800000,0x00000000ead80000)
  from space 39936K, 99% used [0x00000000ee080000,0x00000000f077fa68,0x00000000f0780000)
  to   space 52224K, 0% used [0x00000000ead80000,0x00000000ead80000,0x00000000ee080000)
 ParOldGen       total 118272K, used 53834K [0x0000000083800000, 0x000000008ab80000, 0x00000000d6800000)
  object space 118272K, 45% used [0x0000000083800000,0x0000000086c92ae8,0x000000008ab80000)
 Metaspace       used 47923K, capacity 48618K, committed 48984K, reserved 1091584K
  class space    used 5702K, capacity 5956K, committed 6016K, reserved 1048576K
}
Event: 69.820 GC heap before
{Heap before GC invocations=15 (full 2):
 PSYoungGen      total 373248K, used 242596K [0x00000000d6800000, 0x00000000f2300000, 0x0000000100000000)
  eden space 333312K, 60% used [0x00000000d6800000,0x00000000e2de96a0,0x00000000ead80000)
  from space 39936K, 99% used [0x00000000ee080000,0x00000000f077fa68,0x00000000f0780000)
  to   space 52224K, 0% used [0x00000000ead80000,0x00000000ead80000,0x00000000ee080000)
 ParOldGen       total 118272K, used 53834K [0x0000000083800000, 0x000000008ab80000, 0x00000000d6800000)
  object space 118272K, 45% used [0x0000000083800000,0x0000000086c92ae8,0x000000008ab80000)
 Metaspace       used 57994K, capacity 58696K, committed 58968K, reserved 1101824K
  class space    used 6993K, capacity 7255K, committed 7296K, reserved 1048576K
Event: 69.858 GC heap after
Heap after GC invocations=15 (full 2):
 PSYoungGen      total 385536K, used 27946K [0x00000000d6800000, 0x00000000f7080000, 0x0000000100000000)
  eden space 333312K, 0% used [0x00000000d6800000,0x00000000d6800000,0x00000000ead80000)
  from space 52224K, 53% used [0x00000000ead80000,0x00000000ec8caa50,0x00000000ee080000)
  to   space 51712K, 0% used [0x00000000f3e00000,0x00000000f3e00000,0x00000000f7080000)
 ParOldGen       total 118272K, used 57258K [0x0000000083800000, 0x000000008ab80000, 0x00000000d6800000)
  object space 118272K, 48% used [0x0000000083800000,0x0000000086feab58,0x000000008ab80000)
 Metaspace       used 57994K, capacity 58696K, committed 58968K, reserved 1101824K
  class space    used 6993K, capacity 7255K, committed 7296K, reserved 1048576K
}
Event: 69.858 GC heap before
{Heap before GC invocations=16 (full 3):
 PSYoungGen      total 385536K, used 27946K [0x00000000d6800000, 0x00000000f7080000, 0x0000000100000000)
  eden space 333312K, 0% used [0x00000000d6800000,0x00000000d6800000,0x00000000ead80000)
  from space 52224K, 53% used [0x00000000ead80000,0x00000000ec8caa50,0x00000000ee080000)
  to   space 51712K, 0% used [0x00000000f3e00000,0x00000000f3e00000,0x00000000f7080000)
 ParOldGen       total 118272K, used 57258K [0x0000000083800000, 0x000000008ab80000, 0x00000000d6800000)
  object space 118272K, 48% used [0x0000000083800000,0x0000000086feab58,0x000000008ab80000)
 Metaspace       used 57994K, capacity 58696K, committed 58968K, reserved 1101824K
  class space    used 6993K, capacity 7255K, committed 7296K, reserved 1048576K
Event: 70.058 GC heap after
Heap after GC invocations=16 (full 3):
 PSYoungGen      total 385536K, used 0K [0x00000000d6800000, 0x00000000f7080000, 0x0000000100000000)
  eden space 333312K, 0% used [0x00000000d6800000,0x00000000d6800000,0x00000000ead80000)
  from space 52224K, 0% used [0x00000000ead80000,0x00000000ead80000,0x00000000ee080000)
  to   space 51712K, 0% used [0x00000000f3e00000,0x00000000f3e00000,0x00000000f7080000)
 ParOldGen       total 159744K, used 54758K [0x0000000083800000, 0x000000008d400000, 0x00000000d6800000)
  object space 159744K, 34% used [0x0000000083800000,0x0000000086d798c0,0x000000008d400000)
 Metaspace       used 57986K, capacity 58686K, committed 58968K, reserved 1101824K
  class space    used 6992K, capacity 7253K, committed 7296K, reserved 1048576K
}
Event: 92.227 GC heap before
{Heap before GC invocations=17 (full 3):
 PSYoungGen      total 385536K, used 333312K [0x00000000d6800000, 0x00000000f7080000, 0x0000000100000000)
  eden space 333312K, 100% used [0x00000000d6800000,0x00000000ead80000,0x00000000ead80000)
  from space 52224K, 0% used [0x00000000ead80000,0x00000000ead80000,0x00000000ee080000)
  to   space 51712K, 0% used [0x00000000f3e00000,0x00000000f3e00000,0x00000000f7080000)
 ParOldGen       total 159744K, used 54758K [0x0000000083800000, 0x000000008d400000, 0x00000000d6800000)
  object space 159744K, 34% used [0x0000000083800000,0x0000000086d798c0,0x000000008d400000)
 Metaspace       used 60162K, capacity 61022K, committed 61400K, reserved 1103872K
  class space    used 7290K, capacity 7579K, committed 7680K, reserved 1048576K
Event: 92.282 GC heap after
Heap after GC invocations=17 (full 3):
 PSYoungGen      total 475648K, used 44992K [0x00000000d6800000, 0x00000000f8000000, 0x0000000100000000)
  eden space 423936K, 0% used [0x00000000d6800000,0x00000000d6800000,0x00000000f0600000)
  from space 51712K, 87% used [0x00000000f3e00000,0x00000000f69f0320,0x00000000f7080000)
  to   space 57344K, 0% used [0x00000000f0600000,0x00000000f0600000,0x00000000f3e00000)
 ParOldGen       total 159744K, used 54766K [0x0000000083800000, 0x000000008d400000, 0x00000000d6800000)
  object space 159744K, 34% used [0x0000000083800000,0x0000000086d7b8c0,0x000000008d400000)
 Metaspace       used 60162K, capacity 61022K, committed 61400K, reserved 1103872K
  class space    used 7290K, capacity 7579K, committed 7680K, reserved 1048576K
}
Event: 116.264 GC heap before
{Heap before GC invocations=18 (full 3):
 PSYoungGen      total 475648K, used 468928K [0x00000000d6800000, 0x00000000f8000000, 0x0000000100000000)
  eden space 423936K, 100% used [0x00000000d6800000,0x00000000f0600000,0x00000000f0600000)
  from space 51712K, 87% used [0x00000000f3e00000,0x00000000f69f0320,0x00000000f7080000)
  to   space 57344K, 0% used [0x00000000f0600000,0x00000000f0600000,0x00000000f3e00000)
 ParOldGen       total 159744K, used 54766K [0x0000000083800000, 0x000000008d400000, 0x00000000d6800000)
  object space 159744K, 34% used [0x0000000083800000,0x0000000086d7b8c0,0x000000008d400000)
 Metaspace       used 72322K, capacity 73236K, committed 73688K, reserved 1114112K
  class space    used 8874K, capacity 9203K, committed 9216K, reserved 1048576K

